Added
Express server listening on port 8005 in development mode
Added
Sep  9 20:19:19 main.c:202 parse_args(): WARNING: gethostname doesn't return a fully qualified name and getdomainname failed, this may cause issues when viewing pcaps, use the --host option - import
Sep  9 20:19:19 http.c:297 moloch_http_send_sync(): 1/1 SYNC 200 http://elasticsearch:9200/_template/sessions2_template?filter_path=**._meta 0/68 3ms 12ms
Sep  9 20:19:19 http.c:297 moloch_http_send_sync(): 1/1 SYNC 404 http://elasticsearch:9200/sequence/_doc/fn-import 0/71 0ms 22ms
Sep  9 20:19:19 http.c:297 moloch_http_send_sync(): 1/1 SYNC 201 http://elasticsearch:9200/sequence/_doc/fn-import?version_type=external&version=100 2/169 0ms 10ms
Sep  9 20:19:19 http.c:297 moloch_http_send_sync(): 1/1 SYNC 404 http://elasticsearch:9200/stats/_doc/import 0/65 0ms 4ms
Sep  9 20:19:19 http.c:297 moloch_http_send_sync(): 1/1 SYNC 200 http://elasticsearch:9200/fields/_search?size=3000 0/13227 0ms 23ms
Sep  9 20:19:19 db.c:2380 moloch_db_init(): WARNING - No Geo Country file could be loaded, see https://arkime.com/settings#geolite2country
Sep  9 20:19:19 db.c:2391 moloch_db_init(): WARNING - No Geo ASN file could be loaded, see https://arkime.com/settings#geolite2asn
Sep  9 20:19:19 field.c:301 moloch_field_define(): UPDATING - Field category in db (null) doesn't match field category host in capture for field host.http
Sep  9 20:19:19 field.c:301 moloch_field_define(): UPDATING - Field category in db (null) doesn't match field category md5 in capture for field http.md5
Sep  9 20:19:20 http.c:382 moloch_http_curlm_check_multi_info(): 297/30 ASYNC 200 http://elasticsearch:9200/_cat/health?format=json 0/195 6ms 746ms
Sep  9 20:19:20 http.c:382 moloch_http_curlm_check_multi_info(): 296/30 ASYNC 201 http://elasticsearch:9200/fields/_doc/mac.src 176/145 3ms 745ms
Sep  9 20:19:20 http.c:382 moloch_http_curlm_check_multi_info(): 295/30 ASYNC 201 http://elasticsearch:9200/fields/_doc/mac.src.cnt 169/149 3ms 744ms
Sep  9 20:19:20 http.c:382 moloch_http_curlm_check_multi_info(): 294/30 ASYNC 201 http://elasticsearch:9200/fields/_doc/mac.dst 181/146 2ms 744ms
Sep  9 20:19:20 http.c:382 moloch_http_curlm_check_multi_info(): 293/30 ASYNC 201 http://elasticsearch:9200/fields/_doc/mac.dst.cnt 174/149 1ms 741ms
Sep  9 20:19:20 http.c:382 moloch_http_curlm_check_multi_info(): 292/30 ASYNC 201 http://elasticsearch:9200/fields/_doc/mac 208/144 0ms 738ms
Sep  9 20:19:20 http.c:382 moloch_http_curlm_check_multi_info(): 291/30 ASYNC 201 http://elasticsearch:9200/fields/_doc/oui.src 137/146 0ms 775ms
Sep  9 20:19:20 http.c:382 moloch_http_curlm_check_multi_info(): 290/30 ASYNC 201 http://elasticsearch:9200/fields/_doc/oui.src.cnt 159/149 1ms 773ms
Sep  9 20:19:20 http.c:382 moloch_http_curlm_check_multi_info(): 289/30 ASYNC 201 http://elasticsearch:9200/fields/_doc/oui.dst 142/146 0ms 772ms
Sep  9 20:19:20 http.c:382 moloch_http_curlm_check_multi_info(): 288/30 ASYNC 201 http://elasticsearch:9200/fields/_doc/oui.dst.cnt 164/149 0ms 771ms
Sep  9 20:19:20 http.c:382 moloch_http_curlm_check_multi_info(): 287/30 ASYNC 201 http://elasticsearch:9200/fields/_doc/vlan 105/144 0ms 771ms
Sep  9 20:19:20 http.c:382 moloch_http_curlm_check_multi_info(): 286/30 ASYNC 201 http://elasticsearch:9200/fields/_doc/vlan.cnt 129/147 0ms 770ms
Sep  9 20:19:20 http.c:382 moloch_http_curlm_check_multi_info(): 285/30 ASYNC 201 http://elasticsearch:9200/fields/_doc/bgp.type 113/147 0ms 731ms
Sep  9 20:19:20 http.c:382 moloch_http_curlm_check_multi_info(): 284/30 ASYNC 201 http://elasticsearch:9200/fields/_doc/dhcp.type 110/147 0ms 730ms
Sep  9 20:19:20 http.c:382 moloch_http_curlm_check_multi_info(): 283/30 ASYNC 201 http://elasticsearch:9200/fields/_doc/dhcp.type.cnt 130/147 0ms 728ms
Sep  9 20:19:20 http.c:382 moloch_http_curlm_check_multi_info(): 282/30 ASYNC 201 http://elasticsearch:9200/fields/_doc/dhcp.host 156/147 0ms 726ms
Sep  9 20:19:20 http.c:382 moloch_http_curlm_check_multi_info(): 281/30 ASYNC 201 http://elasticsearch:9200/fields/_doc/dhcp.host.cnt 130/150 0ms 724ms
Sep  9 20:19:20 http.c:382 moloch_http_curlm_check_multi_info(): 280/30 ASYNC 201 http://elasticsearch:9200/fields/_doc/dhcp.host.tokens 171/153 0ms 723ms
Sep  9 20:19:20 http.c:382 moloch_http_curlm_check_multi_info(): 279/30 ASYNC 201 http://elasticsearch:9200/fields/_doc/gre.ip 121/146 0ms 820ms
Sep  9 20:19:20 http.c:382 moloch_http_curlm_check_multi_info(): 278/30 ASYNC 201 http://elasticsearch:9200/fields/_doc/gre.ip.cnt 150/149 0ms 819ms
Sep  9 20:19:20 http.c:382 moloch_http_curlm_check_multi_info(): 277/30 ASYNC 201 http://elasticsearch:9200/fields/_doc/gre.ip.country 176/151 0ms 818ms
Sep  9 20:19:20 http.c:382 moloch_http_curlm_check_multi_info(): 276/30 ASYNC 201 http://elasticsearch:9200/fields/_doc/gre.ip.asn 170/149 0ms 816ms
Sep  9 20:19:20 http.c:382 moloch_http_curlm_check_multi_info(): 275/30 ASYNC 201 http://elasticsearch:9200/fields/_doc/gre.ip.rir 185/149 0ms 815ms
Sep  9 20:19:20 http.c:382 moloch_http_curlm_check_multi_info(): 274/30 ASYNC 201 http://elasticsearch:9200/fields/_doc/tcpflags.syn 156/150 0ms 814ms
Sep  9 20:19:20 http.c:382 moloch_http_curlm_check_multi_info(): 273/30 ASYNC 201 http://elasticsearch:9200/fields/_doc/tcpflags.syn-ack 161/153 0ms 813ms
Sep  9 20:19:20 http.c:382 moloch_http_curlm_check_multi_info(): 272/30 ASYNC 201 http://elasticsearch:9200/fields/_doc/ip.dns 145/145 0ms 758ms
Sep  9 20:19:20 http.c:382 moloch_http_curlm_check_multi_info(): 271/30 ASYNC 201 http://elasticsearch:9200/fields/_doc/ip.dns.cnt 133/148 0ms 757ms
Sep  9 20:19:20 http.c:382 moloch_http_curlm_check_multi_info(): 270/30 ASYNC 201 http://elasticsearch:9200/fields/_doc/country.dns 157/148 0ms 755ms
Sep  9 20:19:20 http.c:382 moloch_http_curlm_check_multi_info(): 269/30 ASYNC 201 http://elasticsearch:9200/fields/_doc/asn.dns 151/146 0ms 754ms
Sep  9 20:19:20 http.c:382 moloch_http_curlm_check_multi_info(): 268/30 ASYNC 201 http://elasticsearch:9200/fields/_doc/rir.dns 166/146 0ms 753ms
Sep  9 20:19:20 http.c:382 moloch_http_curlm_check_multi_info(): 267/30 ASYNC 201 http://elasticsearch:9200/fields/_doc/ip.dns.nameserver 133/153 0ms 748ms
Sep  9 20:19:20 http.c:382 moloch_http_curlm_check_multi_info(): 266/30 ASYNC 201 http://elasticsearch:9200/fields/_doc/ip.dns.nameserver.cnt 144/155 0ms 746ms
Sep  9 20:19:20 http.c:382 moloch_http_curlm_check_multi_info(): 265/30 ASYNC 201 http://elasticsearch:9200/fields/_doc/country.dns.nameserver 168/154 0ms 742ms
Sep  9 20:19:20 http.c:382 moloch_http_curlm_check_multi_info(): 264/30 ASYNC 201 http://elasticsearch:9200/fields/_doc/asn.dns.nameserver 162/153 0ms 741ms
Sep  9 20:19:20 http.c:382 moloch_http_curlm_check_multi_info(): 263/30 ASYNC 201 http://elasticsearch:9200/fields/_doc/rir.dns.nameserver 177/153 0ms 734ms
Sep  9 20:19:20 http.c:382 moloch_http_curlm_check_multi_info(): 262/30 ASYNC 201 http://elasticsearch:9200/fields/_doc/ip.dns.mailserver 133/153 0ms 733ms
Sep  9 20:19:20 http.c:382 moloch_http_curlm_check_multi_info(): 261/30 ASYNC 201 http://elasticsearch:9200/fields/_doc/ip.dns.mailserver.cnt 144/155 0ms 732ms
Sep  9 20:19:20 http.c:382 moloch_http_curlm_check_multi_info(): 260/30 ASYNC 201 http://elasticsearch:9200/fields/_doc/tcpflags.ack 154/151 0ms 862ms
Sep  9 20:19:20 http.c:382 moloch_http_curlm_check_multi_info(): 259/30 ASYNC 201 http://elasticsearch:9200/fields/_doc/tcpflags.psh 145/151 0ms 861ms
Sep  9 20:19:20 http.c:382 moloch_http_curlm_check_multi_info(): 258/30 ASYNC 201 http://elasticsearch:9200/fields/_doc/tcpflags.fin 145/150 0ms 860ms
Sep  9 20:19:20 http.c:382 moloch_http_curlm_check_multi_info(): 257/30 ASYNC 201 http://elasticsearch:9200/fields/_doc/tcpflags.rst 145/150 0ms 859ms
Sep  9 20:19:20 http.c:382 moloch_http_curlm_check_multi_info(): 256/30 ASYNC 201 http://elasticsearch:9200/fields/_doc/tcpflags.urg 145/150 0ms 858ms
Sep  9 20:19:20 http.c:382 moloch_http_curlm_check_multi_info(): 255/30 ASYNC 201 http://elasticsearch:9200/fields/_doc/initRTT 189/148 1ms 856ms
Sep  9 20:19:20 http.c:382 moloch_http_curlm_check_multi_info(): 254/30 ASYNC 201 http://elasticsearch:9200/fields/_doc/communityId 134/147 1ms 852ms
Sep  9 20:19:20 http.c:382 moloch_http_curlm_check_multi_info(): 253/30 ASYNC 201 http://elasticsearch:9200/fields/_doc/session.segments 149/151 0ms 850ms
Sep  9 20:19:20 http.c:382 moloch_http_curlm_check_multi_info(): 252/30 ASYNC 201 http://elasticsearch:9200/fields/_doc/dns.puny.cnt 138/150 0ms 762ms
Sep  9 20:19:20 http.c:382 moloch_http_curlm_check_multi_info(): 251/30 ASYNC 201 http://elasticsearch:9200/fields/_doc/dns.status 130/148 0ms 761ms
Sep  9 20:19:20 http.c:382 moloch_http_curlm_check_multi_info(): 250/30 ASYNC 201 http://elasticsearch:9200/fields/_doc/dns.status.cnt 150/150 0ms 760ms
Sep  9 20:19:20 http.c:382 moloch_http_curlm_check_multi_info(): 249/30 ASYNC 201 http://elasticsearch:9200/fields/_doc/dns.opcode 122/148 0ms 759ms
Sep  9 20:19:20 http.c:382 moloch_http_curlm_check_multi_info(): 248/30 ASYNC 201 http://elasticsearch:9200/fields/_doc/dns.opcode.cnt 142/151 0ms 758ms
Sep  9 20:19:20 http.c:382 moloch_http_curlm_check_multi_info(): 247/30 ASYNC 201 http://elasticsearch:9200/fields/_doc/dns.query.type 124/147 0ms 757ms
Sep  9 20:19:20 http.c:382 moloch_http_curlm_check_multi_info(): 246/30 ASYNC 201 http://elasticsearch:9200/fields/_doc/dns.query.type.cnt 144/152 0ms 756ms
Sep  9 20:19:20 http.c:382 moloch_http_curlm_check_multi_info(): 245/30 ASYNC 201 http://elasticsearch:9200/fields/_doc/dns.query.class 126/148 0ms 755ms
Sep  9 20:19:20 http.c:382 moloch_http_curlm_check_multi_info(): 244/30 ASYNC 201 http://elasticsearch:9200/fields/_doc/dns.query.class.cnt 146/154 0ms 754ms
Sep  9 20:19:20 http.c:382 moloch_http_curlm_check_multi_info(): 243/30 ASYNC 201 http://elasticsearch:9200/fields/_doc/host.http 173/147 0ms 753ms
Sep  9 20:19:20 http.c:382 moloch_http_curlm_check_multi_info(): 242/30 ASYNC 201 http://elasticsearch:9200/fields/_doc/host.http.cnt 147/150 0ms 752ms
Sep  9 20:19:20 http.c:382 moloch_http_curlm_check_multi_info(): 241/30 ASYNC 201 http://elasticsearch:9200/fields/_doc/host.http.tokens 180/149 0ms 751ms
Sep  9 20:19:20 http.c:382 moloch_http_curlm_check_multi_info(): 240/30 ASYNC 201 http://elasticsearch:9200/fields/_doc/http.uri 141/144 0ms 750ms
Sep  9 20:19:20 http.c:382 moloch_http_curlm_check_multi_info(): 239/30 ASYNC 201 http://elasticsearch:9200/fields/_doc/http.uri.cnt 135/149 0ms 749ms
Sep  9 20:19:20 http.c:382 moloch_http_curlm_check_multi_info(): 238/30 ASYNC 201 http://elasticsearch:9200/fields/_doc/http.uri.tokens 135/151 0ms 748ms
Sep  9 20:19:20 http.c:382 moloch_http_curlm_check_multi_info(): 237/30 ASYNC 201 http://elasticsearch:9200/fields/_doc/ip.xff 135/146 0ms 748ms
Sep  9 20:19:20 http.c:382 moloch_http_curlm_check_multi_info(): 236/30 ASYNC 201 http://elasticsearch:9200/fields/_doc/ip.xff.cnt 146/149 0ms 747ms
Sep  9 20:19:20 http.c:382 moloch_http_curlm_check_multi_info(): 235/30 ASYNC 201 http://elasticsearch:9200/fields/_doc/country.xff 170/149 0ms 746ms
Sep  9 20:19:20 http.c:382 moloch_http_curlm_check_multi_info(): 234/30 ASYNC 201 http://elasticsearch:9200/fields/_doc/session.length 144/149 1ms 898ms
Sep  9 20:19:20 http.c:382 moloch_http_curlm_check_multi_info(): 233/30 ASYNC 201 http://elasticsearch:9200/fields/_doc/dns.puny 118/145 0ms 813ms
Sep  9 20:19:20 http.c:382 moloch_http_curlm_check_multi_info(): 232/30 ASYNC 201 http://elasticsearch:9200/fields/_doc/http.version.src.cnt 164/150 0ms 776ms
Sep  9 20:19:20 http.c:382 moloch_http_curlm_check_multi_info(): 231/30 ASYNC 201 http://elasticsearch:9200/fields/_doc/http.version.dst 143/147 0ms 775ms
Sep  9 20:19:20 http.c:382 moloch_http_curlm_check_multi_info(): 230/30 ASYNC 201 http://elasticsearch:9200/fields/_doc/http.version.dst.cnt 165/149 0ms 774ms
Sep  9 20:19:20 http.c:382 moloch_http_curlm_check_multi_info(): 229/30 ASYNC 201 http://elasticsearch:9200/fields/_doc/http.uri.path 122/148 0ms 773ms
Sep  9 20:19:20 http.c:382 moloch_http_curlm_check_multi_info(): 228/30 ASYNC 201 http://elasticsearch:9200/fields/_doc/http.uri.key 130/148 0ms 772ms
Sep  9 20:19:20 http.c:382 moloch_http_curlm_check_multi_info(): 227/30 ASYNC 201 http://elasticsearch:9200/fields/_doc/http.uri.key.cnt 152/151 0ms 771ms
Sep  9 20:19:20 http.c:382 moloch_http_curlm_check_multi_info(): 226/30 ASYNC 201 http://elasticsearch:9200/fields/_doc/http.cookie.key 150/150 0ms 768ms
Sep  9 20:19:20 http.c:382 moloch_http_curlm_check_multi_info(): 225/30 ASYNC 201 http://elasticsearch:9200/fields/_doc/http.cookie.key.cnt 172/152 0ms 767ms
Sep  9 20:19:20 http.c:382 moloch_http_curlm_check_multi_info(): 224/30 ASYNC 201 http://elasticsearch:9200/fields/_doc/http.method 130/146 0ms 764ms
Sep  9 20:19:20 http.c:382 moloch_http_curlm_check_multi_info(): 223/30 ASYNC 201 http://elasticsearch:9200/fields/_doc/http.method.cnt 152/149 0ms 764ms
Sep  9 20:19:20 http.c:382 moloch_http_curlm_check_multi_info(): 222/30 ASYNC 201 http://elasticsearch:9200/fields/_doc/http.bodymagic 162/149 0ms 763ms
Sep  9 20:19:20 http.c:382 moloch_http_curlm_check_multi_info(): 221/30 ASYNC 201 http://elasticsearch:9200/fields/_doc/http.bodymagic.cnt 184/152 0ms 762ms
Sep  9 20:19:20 http.c:382 moloch_http_curlm_check_multi_info(): 220/30 ASYNC 201 http://elasticsearch:9200/fields/_doc/http.user 133/145 0ms 761ms
Sep  9 20:19:20 http.c:382 moloch_http_curlm_check_multi_info(): 219/30 ASYNC 201 http://elasticsearch:9200/fields/_doc/http.user.cnt 135/148 0ms 760ms
Sep  9 20:19:20 http.c:382 moloch_http_curlm_check_multi_info(): 218/30 ASYNC 201 http://elasticsearch:9200/fields/_doc/http.authtype 124/146 0ms 759ms
Sep  9 20:19:20 http.c:382 moloch_http_curlm_check_multi_info(): 217/30 ASYNC 201 http://elasticsearch:9200/fields/_doc/http.statuscode 143/149 0ms 757ms
Sep  9 20:19:20 http.c:382 moloch_http_curlm_check_multi_info(): 216/30 ASYNC 201 http://elasticsearch:9200/fields/_doc/http.statuscode.cnt 167/151 0ms 756ms
Sep  9 20:19:20 http.c:382 moloch_http_curlm_check_multi_info(): 215/30 ASYNC 201 http://elasticsearch:9200/fields/_doc/http.reqbody 131/147 0ms 755ms
Sep  9 20:19:20 http.c:382 moloch_http_curlm_check_multi_info(): 214/30 ASYNC 201 http://elasticsearch:9200/fields/_doc/http.referer.cnt 162/149 3ms 754ms
Sep  9 20:19:20 http.c:382 moloch_http_curlm_check_multi_info(): 213/30 ASYNC 201 http://elasticsearch:9200/fields/_doc/http.uri.path.cnt 144/150 0ms 823ms
Sep  9 20:19:20 http.c:382 moloch_http_curlm_check_multi_info(): 212/30 ASYNC 201 http://elasticsearch:9200/fields/_doc/http.uri.value 136/149 0ms 820ms
Sep  9 20:19:20 http.c:382 moloch_http_curlm_check_multi_info(): 211/30 ASYNC 201 http://elasticsearch:9200/fields/_doc/http.uri.value.cnt 158/152 0ms 819ms
Sep  9 20:19:20 http.c:382 moloch_http_curlm_check_multi_info(): 210/30 ASYNC 201 http://elasticsearch:9200/fields/_doc/http.cookie.value 156/152 0ms 816ms
Sep  9 20:19:20 http.c:382 moloch_http_curlm_check_multi_info(): 209/30 ASYNC 201 http://elasticsearch:9200/fields/_doc/http.cookie.value.cnt 178/153 0ms 816ms
Sep  9 20:19:20 http.c:382 moloch_http_curlm_check_multi_info(): 208/30 ASYNC 201 http://elasticsearch:9200/fields/_doc/http.authtype.cnt 144/150 0ms 808ms
Sep  9 20:19:20 http.c:382 moloch_http_curlm_check_multi_info(): 207/30 ASYNC 201 http://elasticsearch:9200/fields/_doc/http.referer 140/146 0ms 804ms
Sep  9 20:19:20 http.c:382 moloch_http_curlm_check_multi_info(): 206/30 ASYNC 201 http://elasticsearch:9200/fields/_doc/krb5.sname.cnt 139/150 0ms 773ms
Sep  9 20:19:20 http.c:382 moloch_http_curlm_check_multi_info(): 205/30 ASYNC 201 http://elasticsearch:9200/fields/_doc/ldap.authtype 134/147 0ms 772ms
Sep  9 20:19:20 http.c:382 moloch_http_curlm_check_multi_info(): 204/30 ASYNC 201 http://elasticsearch:9200/fields/_doc/ldap.authtype.cnt 156/149 0ms 771ms
Sep  9 20:19:20 http.c:382 moloch_http_curlm_check_multi_info(): 203/30 ASYNC 201 http://elasticsearch:9200/fields/_doc/ldap.bindname 134/148 0ms 770ms
Sep  9 20:19:20 http.c:382 moloch_http_curlm_check_multi_info(): 202/30 ASYNC 201 http://elasticsearch:9200/fields/_doc/ldap.bindname.cnt 156/150 0ms 770ms
Sep  9 20:19:20 http.c:382 moloch_http_curlm_check_multi_info(): 201/30 ASYNC 201 http://elasticsearch:9200/fields/_doc/mysql.user 138/146 0ms 769ms
Sep  9 20:19:20 http.c:382 moloch_http_curlm_check_multi_info(): 200/30 ASYNC 201 http://elasticsearch:9200/fields/_doc/mysql.ver 134/146 0ms 768ms
Sep  9 20:19:20 http.c:382 moloch_http_curlm_check_multi_info(): 199/30 ASYNC 201 http://elasticsearch:9200/fields/_doc/oracle.user 136/146 0ms 767ms
Sep  9 20:19:20 http.c:382 moloch_http_curlm_check_multi_info(): 198/30 ASYNC 201 http://elasticsearch:9200/fields/_doc/oracle.host 164/147 0ms 766ms
Sep  9 20:19:20 http.c:382 moloch_http_curlm_check_multi_info(): 197/30 ASYNC 201 http://elasticsearch:9200/fields/_doc/oracle.service 125/148 0ms 763ms
Sep  9 20:19:20 http.c:382 moloch_http_curlm_check_multi_info(): 196/30 ASYNC 201 http://elasticsearch:9200/fields/_doc/postgresql.user 151/149 0ms 762ms
Sep  9 20:19:20 http.c:382 moloch_http_curlm_check_multi_info(): 195/30 ASYNC 201 http://elasticsearch:9200/fields/_doc/postgresql.db 132/149 0ms 761ms
Sep  9 20:19:20 http.c:382 moloch_http_curlm_check_multi_info(): 194/30 ASYNC 201 http://elasticsearch:9200/fields/_doc/host.quic 173/146 0ms 758ms
Sep  9 20:19:20 http.c:382 moloch_http_curlm_check_multi_info(): 193/30 ASYNC 201 http://elasticsearch:9200/fields/_doc/host.quic.cnt 147/148 0ms 758ms
Sep  9 20:19:20 http.c:382 moloch_http_curlm_check_multi_info(): 192/30 ASYNC 201 http://elasticsearch:9200/fields/_doc/quic.user-agent 120/149 0ms 756ms
Sep  9 20:19:20 http.c:382 moloch_http_curlm_check_multi_info(): 191/30 ASYNC 201 http://elasticsearch:9200/fields/_doc/quic.user-agent.cnt 142/153 0ms 755ms
Sep  9 20:19:20 http.c:382 moloch_http_curlm_check_multi_info(): 190/30 ASYNC 201 http://elasticsearch:9200/fields/_doc/krb5.cname.cnt 139/152 0ms 825ms
Sep  9 20:19:20 http.c:382 moloch_http_curlm_check_multi_info(): 189/30 ASYNC 201 http://elasticsearch:9200/fields/_doc/krb5.sname 117/147 0ms 824ms
Sep  9 20:19:20 http.c:382 moloch_http_curlm_check_multi_info(): 188/30 ASYNC 201 http://elasticsearch:9200/fields/_doc/oracle.host.tokens 179/151 0ms 813ms
Sep  9 20:19:20 http.c:382 moloch_http_curlm_check_multi_info(): 187/30 ASYNC 201 http://elasticsearch:9200/fields/_doc/postgresql.app 139/148 0ms 808ms
Sep  9 20:19:20 http.c:382 moloch_http_curlm_check_multi_info(): 186/30 ASYNC 201 http://elasticsearch:9200/fields/_doc/host.quic.tokens 180/151 2ms 805ms
Sep  9 20:19:20 http.c:382 moloch_http_curlm_check_multi_info(): 185/30 ASYNC 201 http://elasticsearch:9200/fields/_doc/smb.domain 111/146 0ms 777ms
Sep  9 20:19:20 http.c:382 moloch_http_curlm_check_multi_info(): 184/30 ASYNC 201 http://elasticsearch:9200/fields/_doc/smb.ver 126/146 0ms 775ms
Sep  9 20:19:20 http.c:382 moloch_http_curlm_check_multi_info(): 183/30 ASYNC 201 http://elasticsearch:9200/fields/_doc/smb.user.cnt 127/148 0ms 772ms
Sep  9 20:19:20 http.c:382 moloch_http_curlm_check_multi_info(): 182/30 ASYNC 201 http://elasticsearch:9200/fields/_doc/email.x-mailer.cnt 160/154 0ms 764ms
Sep  9 20:19:21 http.c:382 moloch_http_curlm_check_multi_info(): 181/30 ASYNC 201 http://elasticsearch:9200/fields/_doc/smb.domain.cnt 133/149 0ms 826ms
Sep  9 20:19:21 http.c:382 moloch_http_curlm_check_multi_info(): 180/30 ASYNC 201 http://elasticsearch:9200/fields/_doc/smb.ver.cnt 148/149 0ms 824ms
Sep  9 20:19:21 http.c:382 moloch_http_curlm_check_multi_info(): 179/30 ASYNC 200 http://elasticsearch:9200/fields/_doc/host.smb 159/147 0ms 820ms
Sep  9 20:19:21 http.c:382 moloch_http_curlm_check_multi_info(): 178/30 ASYNC 201 http://elasticsearch:9200/fields/_doc/host.smb.cnt 136/149 0ms 819ms
Sep  9 20:19:21 http.c:382 moloch_http_curlm_check_multi_info(): 177/30 ASYNC 201 http://elasticsearch:9200/fields/_doc/email.dst.cnt 142/150 0ms 809ms
Sep  9 20:19:21 http.c:382 moloch_http_curlm_check_multi_info(): 176/30 ASYNC 201 http://elasticsearch:9200/fields/_doc/email.subject.cnt 149/154 0ms 807ms
Sep  9 20:19:21 http.c:382 moloch_http_curlm_check_multi_info(): 175/30 ASYNC 201 http://elasticsearch:9200/fields/_doc/email.message-id.cnt 142/155 0ms 805ms
Sep  9 20:19:21 http.c:382 moloch_http_curlm_check_multi_info(): 174/30 ASYNC 201 http://elasticsearch:9200/fields/_doc/email.content-type 141/153 0ms 805ms
Sep  9 20:19:21 http.c:382 moloch_http_curlm_check_multi_info(): 173/30 ASYNC 201 http://elasticsearch:9200/fields/_doc/asn.socks 157/146 0ms 778ms
Sep  9 20:19:21 http.c:382 moloch_http_curlm_check_multi_info(): 172/30 ASYNC 201 http://elasticsearch:9200/fields/_doc/host.socks 172/147 0ms 776ms
Sep  9 20:19:21 http.c:382 moloch_http_curlm_check_multi_info(): 171/30 ASYNC 201 http://elasticsearch:9200/fields/_doc/user 148/142 1ms 1097ms
Sep  9 20:19:21 http.c:382 moloch_http_curlm_check_multi_info(): 170/30 ASYNC 201 http://elasticsearch:9200/fields/_doc/user.cnt 148/145 7ms 1093ms
Sep  9 20:19:21 http.c:382 moloch_http_curlm_check_multi_info(): 169/30 ASYNC 201 http://elasticsearch:9200/fields/_doc/smb.user 125/146 0ms 874ms
Sep  9 20:19:21 http.c:382 moloch_http_curlm_check_multi_info(): 168/30 ASYNC 201 http://elasticsearch:9200/fields/_doc/host.smb 163/146 0ms 869ms
Sep  9 20:19:21 http.c:382 moloch_http_curlm_check_multi_info(): 167/30 ASYNC 201 http://elasticsearch:9200/fields/_doc/host.email.cnt 142/151 0ms 867ms
Sep  9 20:19:21 http.c:382 moloch_http_curlm_check_multi_info(): 166/30 ASYNC 201 http://elasticsearch:9200/fields/_doc/email.src.cnt 142/150 0ms 862ms
Sep  9 20:19:21 http.c:382 moloch_http_curlm_check_multi_info(): 165/30 ASYNC 201 http://elasticsearch:9200/fields/_doc/email.authorization 158/154 0ms 831ms
Sep  9 20:19:21 http.c:382 moloch_http_curlm_check_multi_info(): 164/30 ASYNC 201 http://elasticsearch:9200/fields/_doc/ip.socks 187/145 0ms 830ms
Sep  9 20:19:21 http.c:382 moloch_http_curlm_check_multi_info(): 163/30 ASYNC 201 http://elasticsearch:9200/fields/_doc/country.socks 163/148 0ms 829ms
Sep  9 20:19:21 http.c:382 moloch_http_curlm_check_multi_info(): 162/30 ASYNC 201 http://elasticsearch:9200/fields/_doc/rir.socks 172/146 0ms 827ms
Sep  9 20:19:21 http.c:382 moloch_http_curlm_check_multi_info(): 161/30 ASYNC 201 http://elasticsearch:9200/fields/_doc/host.socks.tokens 175/151 0ms 825ms
Sep  9 20:19:21 http.c:382 moloch_http_curlm_check_multi_info(): 160/30 ASYNC 201 http://elasticsearch:9200/fields/_doc/port.socks 168/147 0ms 824ms
Sep  9 20:19:21 http.c:382 moloch_http_curlm_check_multi_info(): 159/30 ASYNC 201 http://elasticsearch:9200/fields/_doc/socks.user 171/147 2ms 823ms
Sep  9 20:19:21 http.c:382 moloch_http_curlm_check_multi_info(): 158/30 ASYNC 201 http://elasticsearch:9200/fields/_doc/cert.alt.cnt 153/147 0ms 803ms
Sep  9 20:19:21 http.c:382 moloch_http_curlm_check_multi_info(): 157/30 ASYNC 201 http://elasticsearch:9200/fields/_doc/cert.issuer.cn 130/148 0ms 801ms
Sep  9 20:19:21 http.c:382 moloch_http_curlm_check_multi_info(): 156/30 ASYNC 201 http://elasticsearch:9200/fields/_doc/cert.issuer.on 134/149 0ms 798ms
Sep  9 20:19:21 http.c:382 moloch_http_curlm_check_multi_info(): 155/30 ASYNC 201 http://elasticsearch:9200/fields/_doc/cert.hash 132/145 0ms 796ms
Sep  9 20:19:21 http.c:382 moloch_http_curlm_check_multi_info(): 154/30 ASYNC 201 http://elasticsearch:9200/fields/_doc/cert.notafter 143/149 0ms 793ms
Sep  9 20:19:21 http.c:382 moloch_http_curlm_check_multi_info(): 153/30 ASYNC 201 http://elasticsearch:9200/fields/_doc/host.email 201/148 2ms 891ms
Sep  9 20:19:21 http.c:382 moloch_http_curlm_check_multi_info(): 152/30 ASYNC 201 http://elasticsearch:9200/fields/_doc/cert.subject.on 137/151 0ms 819ms
Sep  9 20:19:21 http.c:382 moloch_http_curlm_check_multi_info(): 151/30 ASYNC 201 http://elasticsearch:9200/fields/_doc/cert.notbefore 146/149 0ms 817ms
Sep  9 20:19:21 http.c:382 moloch_http_curlm_check_multi_info(): 150/30 ASYNC 201 http://elasticsearch:9200/fields/_doc/tls.sessionid.src 139/151 0ms 799ms
Sep  9 20:19:21 http.c:382 moloch_http_curlm_check_multi_info(): 149/30 ASYNC 201 http://elasticsearch:9200/fields/_doc/cert.serial 125/147 0ms 831ms
Sep  9 20:19:21 http.c:382 moloch_http_curlm_check_multi_info(): 148/30 ASYNC 201 http://elasticsearch:9200/fields/_doc/cert.subject.cn 133/150 0ms 828ms
Sep  9 20:19:21 http.c:382 moloch_http_curlm_check_multi_info(): 147/30 ASYNC 201 http://elasticsearch:9200/fields/_doc/cert.alt 133/144 0ms 853ms
Sep  9 20:19:21 http.c:382 moloch_http_curlm_check_multi_info(): 146/30 ASYNC 201 http://elasticsearch:9200/fields/_doc/asset 111/143 0ms 821ms
Sep  9 20:19:21 http.c:382 moloch_http_curlm_check_multi_info(): 145/30 ASYNC 201 http://elasticsearch:9200/fields/_doc/protocols 131/145 0ms 819ms
Sep  9 20:19:21 http.c:382 moloch_http_curlm_check_multi_info(): 144/30 ASYNC 201 http://elasticsearch:9200/fields/_doc/dhcp.mac 126/145 0ms 1175ms
Sep  9 20:19:21 http.c:382 moloch_http_curlm_check_multi_info(): 143/30 ASYNC 201 http://elasticsearch:9200/fields/_doc/dhcp.mac.cnt 146/151 0ms 1174ms
Sep  9 20:19:21 http.c:382 moloch_http_curlm_check_multi_info(): 142/30 ASYNC 201 http://elasticsearch:9200/fields/_doc/dhcp.oui 124/146 0ms 1170ms
Sep  9 20:19:21 http.c:382 moloch_http_curlm_check_multi_info(): 141/30 ASYNC 201 http://elasticsearch:9200/fields/_doc/http.user-agent.cnt 148/154 0ms 1095ms
Sep  9 20:19:21 http.c:382 moloch_http_curlm_check_multi_info(): 140/30 ASYNC 201 http://elasticsearch:9200/fields/_doc/http.hasheader.src 146/152 0ms 1093ms
Sep  9 20:19:21 http.c:382 moloch_http_curlm_check_multi_info(): 139/30 ASYNC 201 http://elasticsearch:9200/fields/_doc/http.hasheader.src.cnt 166/156 0ms 1092ms
Sep  9 20:19:21 http.c:382 moloch_http_curlm_check_multi_info(): 138/30 ASYNC 201 http://elasticsearch:9200/fields/_doc/http.hasheader.dst.value 165/158 0ms 1088ms
Sep  9 20:19:21 http.c:382 moloch_http_curlm_check_multi_info(): 137/30 ASYNC 201 http://elasticsearch:9200/fields/_doc/http.hasheader.dst.value.cnt 185/161 0ms 1087ms
Sep  9 20:19:21 http.c:382 moloch_http_curlm_check_multi_info(): 136/30 ASYNC 201 http://elasticsearch:9200/fields/_doc/http.md5.cnt 149/151 0ms 1083ms
Sep  9 20:19:21 http.c:382 moloch_http_curlm_check_multi_info(): 135/30 ASYNC 201 http://elasticsearch:9200/fields/_doc/http.version 157/148 0ms 1082ms
Sep  9 20:19:21 http.c:382 moloch_http_curlm_check_multi_info(): 134/30 ASYNC 201 http://elasticsearch:9200/fields/_doc/email.src 174/147 0ms 968ms
Sep  9 20:19:21 http.c:382 moloch_http_curlm_check_multi_info(): 133/30 ASYNC 201 http://elasticsearch:9200/fields/_doc/email.dst 174/148 0ms 966ms
Sep  9 20:19:21 http.c:382 moloch_http_curlm_check_multi_info(): 132/30 ASYNC 201 http://elasticsearch:9200/fields/_doc/tls.ja3s.cnt 137/149 0ms 883ms
Sep  9 20:19:21 http.c:382 moloch_http_curlm_check_multi_info(): 131/30 ASYNC 201 http://elasticsearch:9200/fields/_doc/tls.sessionid.dst 139/150 0ms 882ms
Sep  9 20:19:21 http.c:382 moloch_http_curlm_check_multi_info(): 130/30 ASYNC 201 http://elasticsearch:9200/fields/_doc/tls.sessionid 222/148 0ms 880ms
Sep  9 20:19:21 http.c:382 moloch_http_curlm_check_multi_info(): 129/30 ASYNC 201 http://elasticsearch:9200/fields/_doc/tags 117/142 0ms 879ms
Sep  9 20:19:21 http.c:382 moloch_http_curlm_check_multi_info(): 128/30 ASYNC 201 http://elasticsearch:9200/fields/_doc/tags.cnt 139/148 0ms 878ms
Sep  9 20:19:21 http.c:382 moloch_http_curlm_check_multi_info(): 127/30 ASYNC 201 http://elasticsearch:9200/fields/_doc/asset.cnt 131/149 2ms 876ms
Sep  9 20:19:21 http.c:382 moloch_http_curlm_check_multi_info(): 126/30 ASYNC 201 http://elasticsearch:9200/fields/_doc/protocols.cnt 153/151 0ms 874ms
Sep  9 20:19:21 http.c:382 moloch_http_curlm_check_multi_info(): 125/30 ASYNC 201 http://elasticsearch:9200/fields/_doc/email.subject 159/152 0ms 974ms
Sep  9 20:19:21 http.c:382 moloch_http_curlm_check_multi_info(): 124/30 ASYNC 201 http://elasticsearch:9200/fields/_doc/tls.ja3s 117/148 0ms 894ms
Sep  9 20:19:21 http.c:382 moloch_http_curlm_check_multi_info(): 123/30 ASYNC 201 http://elasticsearch:9200/fields/_doc/http.user-agent.tokens 148/157 0ms 1108ms
Sep  9 20:19:21 http.c:382 moloch_http_curlm_check_multi_info(): 122/30 ASYNC 201 http://elasticsearch:9200/fields/_doc/host.email.tokens 207/154 0ms 988ms
Sep  9 20:19:21 http.c:382 moloch_http_curlm_check_multi_info(): 121/30 ASYNC 201 http://elasticsearch:9200/fields/_doc/email.message-id 152/153 0ms 979ms
Sep  9 20:19:21 http.c:382 moloch_http_curlm_check_multi_info(): 120/30 ASYNC 201 http://elasticsearch:9200/fields/_doc/http.md5 148/149 0ms 1133ms
Sep  9 20:19:21 http.c:382 moloch_http_curlm_check_multi_info(): 119/30 ASYNC 201 http://elasticsearch:9200/fields/_doc/http.content-type 155/153 0ms 1103ms
Sep  9 20:19:21 http.c:382 moloch_http_curlm_check_multi_info(): 118/30 ASYNC 201 http://elasticsearch:9200/fields/_doc/http.location 145/151 0ms 1100ms
Sep  9 20:19:21 http.c:382 moloch_http_curlm_check_multi_info(): 117/30 ASYNC 201 http://elasticsearch:9200/fields/_doc/http.server 139/149 0ms 1099ms
Sep  9 20:19:21 http.c:382 moloch_http_curlm_check_multi_info(): 116/30 ASYNC 201 http://elasticsearch:9200/fields/_doc/http.content-type.cnt 179/155 0ms 1097ms
Sep  9 20:19:21 http.c:382 moloch_http_curlm_check_multi_info(): 115/30 ASYNC 200 http://elasticsearch:9200/fields/_doc/http.method.cnt 152/153 0ms 1096ms
Sep  9 20:19:21 http.c:382 moloch_http_curlm_check_multi_info(): 114/30 ASYNC 200 http://elasticsearch:9200/fields/_doc/http.statuscode.cnt 167/155 0ms 1096ms
Sep  9 20:19:21 http.c:382 moloch_http_curlm_check_multi_info(): 113/30 ASYNC 201 http://elasticsearch:9200/fields/_doc/isis.msgType 131/151 0ms 1083ms
Sep  9 20:19:21 http.c:382 moloch_http_curlm_check_multi_info(): 112/30 ASYNC 201 http://elasticsearch:9200/fields/_doc/krb5.realm.cnt 139/153 0ms 1081ms
Sep  9 20:19:21 http.c:382 moloch_http_curlm_check_multi_info(): 111/30 ASYNC 201 http://elasticsearch:9200/fields/_doc/krb5.cname 117/151 0ms 1080ms
Sep  9 20:19:21 http.c:382 moloch_http_curlm_check_multi_info(): 110/30 ASYNC 201 http://elasticsearch:9200/fields/_doc/quic.version 117/148 0ms 1057ms
Sep  9 20:19:21 http.c:382 moloch_http_curlm_check_multi_info(): 109/30 ASYNC 201 http://elasticsearch:9200/fields/_doc/quic.version.cnt 139/150 0ms 1056ms
Sep  9 20:19:21 http.c:382 moloch_http_curlm_check_multi_info(): 108/30 ASYNC 201 http://elasticsearch:9200/fields/_doc/radius.user 134/149 0ms 1055ms
Sep  9 20:19:21 http.c:382 moloch_http_curlm_check_multi_info(): 107/30 ASYNC 201 http://elasticsearch:9200/fields/_doc/radius.mac.cnt 133/151 0ms 1053ms
Sep  9 20:19:21 http.c:382 moloch_http_curlm_check_multi_info(): 106/30 ASYNC 201 http://elasticsearch:9200/fields/_doc/radius.framed-ip.rir 207/154 0ms 1041ms
Sep  9 20:19:21 http.c:382 moloch_http_curlm_check_multi_info(): 105/30 ASYNC 201 http://elasticsearch:9200/fields/_doc/smb.share 122/147 0ms 1039ms
Sep  9 20:19:21 http.c:382 moloch_http_curlm_check_multi_info(): 104/30 ASYNC 201 http://elasticsearch:9200/fields/_doc/smb.share.cnt 144/151 5ms 1038ms
Sep  9 20:19:21 http.c:382 moloch_http_curlm_check_multi_info(): 103/30 ASYNC 201 http://elasticsearch:9200/fields/_doc/email.x-mailer 170/151 0ms 1026ms
Sep  9 20:19:21 http.c:382 moloch_http_curlm_check_multi_info(): 102/30 ASYNC 201 http://elasticsearch:9200/fields/_doc/email.md5 179/149 0ms 1051ms
Sep  9 20:19:21 http.c:382 moloch_http_curlm_check_multi_info(): 101/30 ASYNC 201 http://elasticsearch:9200/fields/_doc/smb.os.cnt 133/150 0ms 1132ms
Sep  9 20:19:21 http.c:382 moloch_http_curlm_check_multi_info(): 100/30 ASYNC 201 http://elasticsearch:9200/fields/_doc/email.fn 168/147 0ms 1104ms
Sep  9 20:19:21 http.c:382 moloch_http_curlm_check_multi_info(): 99/30 ASYNC 201 http://elasticsearch:9200/fields/_doc/email.fn.cnt 158/151 0ms 1103ms
Sep  9 20:19:21 http.c:382 moloch_http_curlm_check_multi_info(): 98/30 ASYNC 201 http://elasticsearch:9200/fields/_doc/email.md5.cnt 150/152 0ms 1101ms
Sep  9 20:19:21 http.c:382 moloch_http_curlm_check_multi_info(): 97/30 ASYNC 201 http://elasticsearch:9200/fields/_doc/email.file-content-type 189/157 0ms 1100ms
Sep  9 20:19:21 http.c:382 moloch_http_curlm_check_multi_info(): 96/30 ASYNC 201 http://elasticsearch:9200/fields/_doc/ip.email 156/148 1ms 1098ms
Sep  9 20:19:21 http.c:382 moloch_http_curlm_check_multi_info(): 95/30 ASYNC 201 http://elasticsearch:9200/fields/_doc/ip.email.cnt 135/151 6ms 1098ms
Sep  9 20:19:21 http.c:382 moloch_http_curlm_check_multi_info(): 94/30 ASYNC 201 http://elasticsearch:9200/fields/_doc/rir.email 168/149 0ms 1095ms
Sep  9 20:19:21 http.c:382 moloch_http_curlm_check_multi_info(): 93/30 ASYNC 201 http://elasticsearch:9200/fields/_doc/email.has-header 163/153 0ms 1094ms
Sep  9 20:19:21 http.c:382 moloch_http_curlm_check_multi_info(): 92/30 ASYNC 201 http://elasticsearch:9200/fields/_doc/email.has-header.value.cnt 164/160 0ms 1091ms
Sep  9 20:19:21 http.c:382 moloch_http_curlm_check_multi_info(): 91/30 ASYNC 201 http://elasticsearch:9200/fields/_doc/email.file-content-type.cnt 179/159 0ms 1107ms
Sep  9 20:19:21 http.c:382 moloch_http_curlm_check_multi_info(): 90/30 ASYNC 201 http://elasticsearch:9200/fields/_doc/country.email 159/151 0ms 1104ms
Sep  9 20:19:21 http.c:382 moloch_http_curlm_check_multi_info(): 89/30 ASYNC 201 http://elasticsearch:9200/fields/_doc/email.bodymagic.cnt 186/157 0ms 1096ms
Sep  9 20:19:21 http.c:382 moloch_http_curlm_check_multi_info(): 89/30 ASYNC 201 http://elasticsearch:9200/fields/_doc/dhcp.oui.cnt 146/151 0ms 1421ms
Sep  9 20:19:21 http.c:382 moloch_http_curlm_check_multi_info(): 88/30 ASYNC 201 http://elasticsearch:9200/fields/_doc/ip.dns.all 175/150 0ms 1381ms
Sep  9 20:19:21 http.c:382 moloch_http_curlm_check_multi_info(): 87/30 ASYNC 200 http://elasticsearch:9200/fields/_doc/http.content-type.cnt 177/158 0ms 1305ms
Sep  9 20:19:21 http.c:382 moloch_http_curlm_check_multi_info(): 86/30 ASYNC 201 http://elasticsearch:9200/fields/_doc/http.origin 137/151 0ms 1305ms
Sep  9 20:19:21 http.c:382 moloch_http_curlm_check_multi_info(): 85/30 ASYNC 200 http://elasticsearch:9200/fields/_doc/http.content-type 157/155 0ms 1302ms
Sep  9 20:19:21 http.c:382 moloch_http_curlm_check_multi_info(): 84/30 ASYNC 201 http://elasticsearch:9200/fields/_doc/krb5.realm 117/150 5ms 1286ms
Sep  9 20:19:21 http.c:382 moloch_http_curlm_check_multi_info(): 83/30 ASYNC 201 http://elasticsearch:9200/fields/_doc/radius.mac 113/149 0ms 1257ms
Sep  9 20:19:21 http.c:382 moloch_http_curlm_check_multi_info(): 82/30 ASYNC 201 http://elasticsearch:9200/fields/_doc/asn.email 153/149 0ms 1199ms
Sep  9 20:19:21 http.c:382 moloch_http_curlm_check_multi_info(): 81/30 ASYNC 201 http://elasticsearch:9200/fields/_doc/email.has-header.value 174/157 0ms 1195ms
Sep  9 20:19:21 http.c:382 moloch_http_curlm_check_multi_info(): 80/30 ASYNC 201 http://elasticsearch:9200/fields/_doc/email.bodymagic 164/154 0ms 1193ms
Sep  9 20:19:21 http.c:382 moloch_http_curlm_check_multi_info(): 79/30 ASYNC 201 http://elasticsearch:9200/fields/_doc/tls.cipher.cnt 143/152 0ms 1139ms
Sep  9 20:19:21 http.c:382 moloch_http_curlm_check_multi_info(): 78/30 ASYNC 201 http://elasticsearch:9200/fields/_doc/country.dns.mailserver 168/156 0ms 1438ms
Sep  9 20:19:21 http.c:382 moloch_http_curlm_check_multi_info(): 77/30 ASYNC 201 http://elasticsearch:9200/fields/_doc/rir.dns.mailserver 177/154 0ms 1432ms
Sep  9 20:19:21 http.c:382 moloch_http_curlm_check_multi_info(): 76/30 ASYNC 201 http://elasticsearch:9200/fields/_doc/host.dns.cnt 138/151 0ms 1428ms
Sep  9 20:19:21 http.c:382 moloch_http_curlm_check_multi_info(): 75/30 ASYNC 201 http://elasticsearch:9200/fields/_doc/tls.ja3.cnt 134/151 0ms 1186ms
Sep  9 20:19:21 http.c:382 moloch_http_curlm_check_multi_info(): 74/30 ASYNC 201 http://elasticsearch:9200/fields/_doc/dhcp.id.cnt 148/150 0ms 1518ms
Sep  9 20:19:21 http.c:382 moloch_http_curlm_check_multi_info(): 73/30 ASYNC 201 http://elasticsearch:9200/fields/_doc/asn.dns.mailserver 162/154 0ms 1484ms
Sep  9 20:19:21 http.c:382 moloch_http_curlm_check_multi_info(): 72/30 ASYNC 201 http://elasticsearch:9200/fields/_doc/host.dns 163/148 0ms 1480ms
Sep  9 20:19:21 http.c:382 moloch_http_curlm_check_multi_info(): 71/30 ASYNC 201 http://elasticsearch:9200/fields/_doc/http.hasheader.dst.cnt 168/157 0ms 1444ms
Sep  9 20:19:21 http.c:382 moloch_http_curlm_check_multi_info(): 70/30 ASYNC 201 http://elasticsearch:9200/fields/_doc/email.content-type.cnt 163/157 0ms 1309ms
Sep  9 20:19:21 http.c:382 moloch_http_curlm_check_multi_info(): 69/30 ASYNC 201 http://elasticsearch:9200/fields/_doc/dhcp.id 128/147 0ms 1570ms
Sep  9 20:19:21 http.c:382 moloch_http_curlm_check_multi_info(): 68/30 ASYNC 201 http://elasticsearch:9200/fields/_doc/http.hasheader.src.value 162/158 0ms 1494ms
Sep  9 20:19:21 http.c:382 moloch_http_curlm_check_multi_info(): 67/30 ASYNC 201 http://elasticsearch:9200/fields/_doc/http.hasheader.src.value.cnt 182/161 0ms 1493ms
Sep  9 20:19:21 http.c:382 moloch_http_curlm_check_multi_info(): 66/30 ASYNC 201 http://elasticsearch:9200/fields/_doc/http.authorization.cnt 180/157 0ms 1459ms
Sep  9 20:19:21 http.c:382 moloch_http_curlm_check_multi_info(): 65/30 ASYNC 201 http://elasticsearch:9200/fields/_doc/email.mime-version 140/152 0ms 1359ms
Sep  9 20:19:21 http.c:382 moloch_http_curlm_check_multi_info(): 64/30 ASYNC 201 http://elasticsearch:9200/fields/_doc/http.authorization 158/154 0ms 1510ms
Sep  9 20:19:21 http.c:382 moloch_http_curlm_check_multi_info(): 63/30 ASYNC 200 http://elasticsearch:9200/fields/_doc/http.bodymagic.cnt 184/157 0ms 1497ms
Sep  9 20:19:21 http.c:382 moloch_http_curlm_check_multi_info(): 62/30 ASYNC 201 http://elasticsearch:9200/fields/_doc/irc.channel 118/150 0ms 1489ms
Sep  9 20:19:21 http.c:382 moloch_http_curlm_check_multi_info(): 61/30 ASYNC 201 http://elasticsearch:9200/fields/_doc/irc.channel.cnt 140/152 0ms 1488ms
Sep  9 20:19:21 http.c:382 moloch_http_curlm_check_multi_info(): 60/30 ASYNC 201 http://elasticsearch:9200/fields/_doc/radius.endpoint-ip 149/155 0ms 1455ms
Sep  9 20:19:21 http.c:382 moloch_http_curlm_check_multi_info(): 59/30 ASYNC 201 http://elasticsearch:9200/fields/_doc/radius.endpoint-ip.cnt 178/156 0ms 1454ms
Sep  9 20:19:21 http.c:382 moloch_http_curlm_check_multi_info(): 58/30 ASYNC 201 http://elasticsearch:9200/fields/_doc/radius.endpoint-ip.country 204/159 0ms 1453ms
Sep  9 20:19:21 http.c:382 moloch_http_curlm_check_multi_info(): 57/30 ASYNC 201 http://elasticsearch:9200/fields/_doc/radius.endpoint-ip.asn 198/157 0ms 1452ms
Sep  9 20:19:21 http.c:382 moloch_http_curlm_check_multi_info(): 56/30 ASYNC 201 http://elasticsearch:9200/fields/_doc/email.has-header.cnt 151/156 0ms 1396ms
Sep  9 20:19:21 http.c:382 moloch_http_curlm_check_multi_info(): 55/30 ASYNC 200 http://elasticsearch:9200/fields/_doc/host.http.cnt 147/153 0ms 1517ms
Sep  9 20:19:21 http.c:382 moloch_http_curlm_check_multi_info(): 54/30 ASYNC 201 http://elasticsearch:9200/fields/_doc/smb.fn.cnt 161/151 0ms 1489ms
Sep  9 20:19:21 http.c:382 moloch_http_curlm_check_multi_info(): 53/30 ASYNC 201 http://elasticsearch:9200/fields/_doc/smb.os 111/147 0ms 1488ms
Sep  9 20:19:21 http.c:382 moloch_http_curlm_check_multi_info(): 52/30 ASYNC 201 http://elasticsearch:9200/fields/_doc/email.mime-version.cnt 162/155 0ms 1460ms
Sep  9 20:19:21 http.c:382 moloch_http_curlm_check_multi_info(): 51/30 ASYNC 201 http://elasticsearch:9200/fields/_doc/ssh.ver 125/147 0ms 1431ms
Sep  9 20:19:21 http.c:382 moloch_http_curlm_check_multi_info(): 50/30 ASYNC 201 http://elasticsearch:9200/fields/_doc/ssh.key.cnt 124/151 0ms 1428ms
Sep  9 20:19:21 http.c:382 moloch_http_curlm_check_multi_info(): 49/30 ASYNC 201 http://elasticsearch:9200/fields/_doc/ssh.key 102/145 0ms 1478ms
Sep  9 20:19:21 http.c:382 moloch_http_curlm_check_multi_info(): 48/30 ASYNC 201 http://elasticsearch:9200/fields/_doc/ssh.hassh 116/149 0ms 1477ms
Sep  9 20:19:21 http.c:382 moloch_http_curlm_check_multi_info(): 47/30 ASYNC 201 http://elasticsearch:9200/fields/_doc/ssh.hassh.cnt 136/151 0ms 1476ms
Sep  9 20:19:21 http.c:382 moloch_http_curlm_check_multi_info(): 46/30 ASYNC 201 http://elasticsearch:9200/fields/_doc/ssh.hasshServer 136/153 0ms 1475ms
Sep  9 20:19:21 http.c:382 moloch_http_curlm_check_multi_info(): 45/30 ASYNC 201 http://elasticsearch:9200/fields/_doc/tls.version 124/148 0ms 1445ms
Sep  9 20:19:21 http.c:382 moloch_http_curlm_check_multi_info(): 44/30 ASYNC 201 http://elasticsearch:9200/fields/_doc/host.dns.all 198/150 0ms 1727ms
Sep  9 20:19:21 http.c:382 moloch_http_curlm_check_multi_info(): 43/30 ASYNC 201 http://elasticsearch:9200/fields/_doc/asn.xff 164/146 0ms 1707ms
Sep  9 20:19:21 http.c:382 moloch_http_curlm_check_multi_info(): 42/30 ASYNC 201 http://elasticsearch:9200/fields/_doc/rir.xff 179/144 15ms 1706ms
Sep  9 20:19:21 http.c:382 moloch_http_curlm_check_multi_info(): 41/30 ASYNC 201 http://elasticsearch:9200/fields/_doc/http.user-agent 126/152 0ms 1705ms
Sep  9 20:19:21 http.c:382 moloch_http_curlm_check_multi_info(): 40/30 ASYNC 201 http://elasticsearch:9200/fields/_doc/http.hasheader.dst 148/153 0ms 1701ms
Sep  9 20:19:21 http.c:382 moloch_http_curlm_check_multi_info(): 39/30 ASYNC 201 http://elasticsearch:9200/fields/_doc/http.hasheader 224/151 0ms 1695ms
Sep  9 20:19:21 http.c:382 moloch_http_curlm_check_multi_info(): 38/30 ASYNC 201 http://elasticsearch:9200/fields/_doc/http.hasheader.value 245/155 0ms 1694ms
Sep  9 20:19:21 http.c:382 moloch_http_curlm_check_multi_info(): 37/30 ASYNC 201 http://elasticsearch:9200/fields/_doc/http.version.src 142/150 0ms 1690ms
Sep  9 20:19:21 http.c:382 moloch_http_curlm_check_multi_info(): 36/30 ASYNC 200 http://elasticsearch:9200/fields/_doc/http.md5.cnt 149/152 0ms 1649ms
Sep  9 20:19:21 http.c:382 moloch_http_curlm_check_multi_info(): 35/30 ASYNC 201 http://elasticsearch:9200/fields/_doc/icmp.type 127/147 0ms 1648ms
Sep  9 20:19:21 http.c:382 moloch_http_curlm_check_multi_info(): 34/30 ASYNC 201 http://elasticsearch:9200/fields/_doc/cert.publicAlgorithm 142/158 0ms 1501ms
Sep  9 20:19:21 http.c:382 moloch_http_curlm_check_multi_info(): 33/30 ASYNC 201 http://elasticsearch:9200/fields/_doc/tls.version.cnt 146/151 0ms 1499ms
Sep  9 20:19:21 http.c:382 moloch_http_curlm_check_multi_info(): 32/30 ASYNC 201 http://elasticsearch:9200/fields/_doc/tls.cipher 123/150 0ms 1498ms
Sep  9 20:19:21 http.c:382 moloch_http_curlm_check_multi_info(): 31/30 ASYNC 201 http://elasticsearch:9200/fields/_doc/tls.ja3 114/146 0ms 1496ms
Sep  9 20:19:21 http.c:382 moloch_http_curlm_check_multi_info(): 30/30 ASYNC 200 http://elasticsearch:9200/fields/_doc/host.http/_update 28/148 0ms 1703ms
Sep  9 20:19:21 http.c:382 moloch_http_curlm_check_multi_info(): 29/30 ASYNC 200 http://elasticsearch:9200/fields/_doc/http.md5/_update 27/149 0ms 1700ms
Sep  9 20:19:21 http.c:382 moloch_http_curlm_check_multi_info(): 28/30 ASYNC 201 http://elasticsearch:9200/fields/_doc/email.smtp-hello 128/153 0ms 1595ms
Sep  9 20:19:21 http.c:382 moloch_http_curlm_check_multi_info(): 27/30 ASYNC 201 http://elasticsearch:9200/fields/_doc/email.smtp-hello.cnt 148/155 0ms 1594ms
Sep  9 20:19:21 http.c:382 moloch_http_curlm_check_multi_info(): 26/30 ASYNC 201 http://elasticsearch:9200/fields/_doc/email.x-priority 147/152 0ms 1593ms
Sep  9 20:19:21 http.c:382 moloch_http_curlm_check_multi_info(): 25/30 ASYNC 201 http://elasticsearch:9200/fields/_doc/ssh.hasshServer.cnt 156/155 0ms 1567ms
Sep  9 20:19:21 http.c:382 moloch_http_curlm_check_multi_info(): 24/30 ASYNC 201 http://elasticsearch:9200/dstats/_doc/import-231-5 783/149 0ms 1528ms
Sep  9 20:19:21 http.c:382 moloch_http_curlm_check_multi_info(): 23/30 ASYNC 201 http://elasticsearch:9200/dstats/_doc/import-1219-60 784/151 10ms 1526ms
Sep  9 20:19:21 http.c:382 moloch_http_curlm_check_multi_info(): 22/30 ASYNC 201 http://elasticsearch:9200/fields/_doc/host.dns.tokens 174/153 0ms 1834ms
Sep  9 20:19:21 http.c:382 moloch_http_curlm_check_multi_info(): 21/30 ASYNC 201 http://elasticsearch:9200/fields/_doc/host.dns.nameserver 157/154 0ms 1833ms
Sep  9 20:19:21 http.c:382 moloch_http_curlm_check_multi_info(): 20/30 ASYNC 201 http://elasticsearch:9200/fields/_doc/host.dns.nameserver.cnt 157/156 0ms 1832ms
Sep  9 20:19:21 http.c:382 moloch_http_curlm_check_multi_info(): 19/30 ASYNC 201 http://elasticsearch:9200/fields/_doc/host.dns.mailserver 166/154 0ms 1830ms
Sep  9 20:19:21 http.c:382 moloch_http_curlm_check_multi_info(): 18/30 ASYNC 201 http://elasticsearch:9200/fields/_doc/host.dns.mailserver.cnt 166/157 0ms 1830ms
Sep  9 20:19:21 http.c:382 moloch_http_curlm_check_multi_info(): 17/30 ASYNC 201 http://elasticsearch:9200/fields/_doc/icmp.code 127/148 0ms 1747ms
Sep  9 20:19:21 http.c:382 moloch_http_curlm_check_multi_info(): 16/30 ASYNC 201 http://elasticsearch:9200/fields/_doc/irc.nick 134/148 0ms 1747ms
Sep  9 20:19:21 http.c:382 moloch_http_curlm_check_multi_info(): 15/30 ASYNC 201 http://elasticsearch:9200/fields/_doc/irc.nick.cnt 136/150 0ms 1746ms
Sep  9 20:19:21 http.c:382 moloch_http_curlm_check_multi_info(): 14/30 ASYNC 201 http://elasticsearch:9200/fields/_doc/radius.endpoint-ip.rir 213/156 0ms 1706ms
Sep  9 20:19:21 http.c:382 moloch_http_curlm_check_multi_info(): 13/30 ASYNC 201 http://elasticsearch:9200/fields/_doc/radius.framed-ip 143/152 0ms 1705ms
Sep  9 20:19:21 http.c:382 moloch_http_curlm_check_multi_info(): 12/30 ASYNC 201 http://elasticsearch:9200/fields/_doc/radius.framed-ip.cnt 172/155 0ms 1704ms
Sep  9 20:19:21 http.c:382 moloch_http_curlm_check_multi_info(): 11/30 ASYNC 201 http://elasticsearch:9200/fields/_doc/radius.framed-ip.country 198/158 0ms 1702ms
Sep  9 20:19:21 http.c:382 moloch_http_curlm_check_multi_info(): 10/30 ASYNC 201 http://elasticsearch:9200/fields/_doc/radius.framed-ip.asn 192/155 0ms 1701ms
Sep  9 20:19:21 http.c:382 moloch_http_curlm_check_multi_info(): 9/30 ASYNC 201 http://elasticsearch:9200/fields/_doc/smb.fn 139/144 0ms 1695ms
Sep  9 20:19:21 http.c:382 moloch_http_curlm_check_multi_info(): 8/30 ASYNC 201 http://elasticsearch:9200/fields/_doc/cert.cnt 120/147 0ms 1617ms
Sep  9 20:19:21 http.c:382 moloch_http_curlm_check_multi_info(): 7/30 ASYNC 201 http://elasticsearch:9200/fields/_doc/cert.validfor 157/150 0ms 1603ms
Sep  9 20:19:21 http.c:382 moloch_http_curlm_check_multi_info(): 6/30 ASYNC 201 http://elasticsearch:9200/fields/_doc/cert.remainingDays 161/155 0ms 1602ms
Sep  9 20:19:21 http.c:382 moloch_http_curlm_check_multi_info(): 5/30 ASYNC 201 http://elasticsearch:9200/fields/_doc/cert.curve 116/147 0ms 1601ms
Sep  9 20:19:21 http.c:382 moloch_http_curlm_check_multi_info(): 4/30 ASYNC 201 http://elasticsearch:9200/dstats/_doc/import-1417-600 785/149 0ms 1576ms
Sep  9 20:19:21 http.c:382 moloch_http_curlm_check_multi_info(): 3/30 ASYNC 201 http://elasticsearch:9200/fields/_doc/ssh.ver.cnt 145/149 0ms 1682ms
Sep  9 20:19:21 http.c:382 moloch_http_curlm_check_multi_info(): 2/30 ASYNC 201 http://elasticsearch:9200/stats/_doc/import 783/142 0ms 1628ms
Sep  9 20:19:21 http.c:382 moloch_http_curlm_check_multi_info(): 1/30 ASYNC 200 http://elasticsearch:9200/stats/_doc/import 786/141 0ms 496ms
Sep  9 20:19:21 reader-libpcap-file.c:261 reader_libpcapfile_process(): Processing /arkime/data/phishing-spearphishing-dridex.pcap
Sep  9 20:19:22 http.c:297 moloch_http_send_sync(): 1/1 SYNC 200 http://elasticsearch:9200/sequence/_doc/fn-import 2/169 0ms 8ms
Sep  9 20:19:22 db.c:1827 moloch_db_create_file_full(): Creating file 101 with key >/files/_doc/import-101?refresh=true< using >{"num":101, "name":"/arkime/data/phishing-spearphishing-dridex.pcap", "first":1606213674, "node":"import", "filesize":849192, "locked":1, "packetPosEncoding": "gap0"}<
Express server listening on port 8005 in development mode
Sep  9 20:19:22 packet.c:626 moloch_packet_log(): packets: 1077 current sessions: 6/14 oldest: 0 - recv: 1077 drop: 0 (0.00) queue: 1 disk: 0 packet: 0 close: 0 ns: 0 frags: 0/0 pstats: 1077/0/0/0/15/0/0
Sep  9 20:19:22 http.c:382 moloch_http_curlm_check_multi_info(): 1/30 ASYNC 201 http://elasticsearch:9200/files/_doc/import-101?refresh=true 166/160 0ms 163ms
Sep  9 20:19:22 http.c:382 moloch_http_curlm_check_multi_info(): 2/30 ASYNC 200 http://elasticsearch:9200/_bulk 25014/690 0ms 487ms
Sep  9 20:19:22 http.c:382 moloch_http_curlm_check_multi_info(): 1/30 ASYNC 200 http://elasticsearch:9200/_bulk 36614/855 0ms 486ms
Sep  9 20:19:22 http.c:297 moloch_http_send_sync(): 1/1 SYNC 200 http://elasticsearch:9200/stats/_doc/import 808/161 0ms 10ms
